<?xml version="1.0" encoding="UTF-8"?>
<!-- Generated by org.testng.reporters.JUnitReportReporter -->
<testsuite hostname="Dell" failures="0" tests="3" name="Practice.DataOroviderWithDDtTest" time="0.013" errors="0" timestamp="2022-06-11T11:22:20 IST" skipped="0">
  <testcase classname="Practice.DataOroviderWithDDtTest" name="bookTicket" time="0.002"/>
  <system-out/>
  <testcase classname="Practice.DataOroviderWithDDtTest" name="bookTicket" time="0.002"/>
  <system-out/>
  <testcase classname="Practice.DataOroviderWithDDtTest" name="bookTicket" time="0.009"/>
  <system-out/>
</testsuite> <!-- Practice.DataOroviderWithDDtTest -->
