<?xml version="1.0" encoding="UTF-8"?>
<!-- Generated by org.testng.reporters.JUnitReportReporter -->
<testsuite hostname="Dell" failures="0" tests="2" name="com.crm.malifice.campaignTest.CreateCampaignTest" time="68.851" errors="0" timestamp="2022-06-11T09:48:06 IST" skipped="0">
  <testcase classname="com.crm.malifice.campaignTest.CreateCampaignTest" name="createCampaign" time="32.117"/>
  <system-out/>
  <testcase classname="com.crm.malifice.campaignTest.CreateCampaignTest" name="createCampaign" time="36.734"/>
  <system-out/>
</testsuite> <!-- com.crm.malifice.campaignTest.CreateCampaignTest -->
