<?xml version="1.0" encoding="UTF-8"?>
<!-- Generated by org.testng.reporters.JUnitReportReporter -->
<testsuite hostname="Dell" failures="0" tests="1" name="com.crm.malifice.contactTest.CreateContactWithoutLastnameTest" time="10.221" errors="0" timestamp="2022-06-09T20:18:41 IST" skipped="0">
  <testcase classname="com.crm.malifice.contactTest.CreateContactWithoutLastnameTest" name="createContactWithoutLastnameTest" time="10.221"/>
  <system-out/>
</testsuite> <!-- com.crm.malifice.contactTest.CreateContactWithoutLastnameTest -->
