<?xml version="1.0" encoding="UTF-8"?>
<!-- Generated by org.testng.reporters.JUnitReportReporter -->
<testsuite hostname="Dell" failures="0" tests="3" name="Practice.DataProviderWithoutDDtTest" time="0.013" errors="0" timestamp="2022-06-11T10:56:21 IST" skipped="0">
  <testcase classname="Practice.DataProviderWithoutDDtTest" name="bookTicket" time="0.003"/>
  <system-out/>
  <testcase classname="Practice.DataProviderWithoutDDtTest" name="bookTicket" time="0.002"/>
  <system-out/>
  <testcase classname="Practice.DataProviderWithoutDDtTest" name="bookTicket" time="0.008"/>
  <system-out/>
</testsuite> <!-- Practice.DataProviderWithoutDDtTest -->
