<?xml version="1.0" encoding="UTF-8"?>
<!-- Generated by org.testng.reporters.JUnitReportReporter -->
<testsuite hostname="Dell" failures="0" tests="2" name="Practice.RegionalRegressionPractise" time="33.387" errors="0" timestamp="2022-06-09T17:09:41 IST" skipped="0">
  <testcase classname="Practice.RegionalRegressionPractise" name="createOrg" time="15.746"/>
  <system-out/>
  <testcase classname="Practice.RegionalRegressionPractise" name="createContact" time="17.641"/>
  <system-out/>
</testsuite> <!-- Practice.RegionalRegressionPractise -->
