<?xml version="1.0" encoding="UTF-8"?>
<!-- Generated by org.testng.reporters.JUnitReportReporter -->
<testsuite hostname="Dell" failures="0" tests="3" name="Practice.SampleTest" time="0.023" errors="0" timestamp="2022-06-08T11:00:47 IST" skipped="0">
  <testcase classname="Practice.SampleTest" name="createContactTest" time="0.012"/>
  <system-out/>
  <testcase classname="Practice.SampleTest" name="modifyContactTest" time="0.006"/>
  <system-out/>
  <testcase classname="Practice.SampleTest" name="deleteContactTest" time="0.005"/>
  <system-out/>
</testsuite> <!-- Practice.SampleTest -->
