<?xml version="1.0" encoding="UTF-8"?>
<!-- Generated by org.testng.reporters.JUnitReportReporter -->
<testsuite hostname="Dell" failures="0" tests="1" name="com.crm.malifice.campaignTest.CreateCampaignWithProductTest" time="35.085" errors="0" timestamp="2022-06-09T17:41:54 IST" skipped="0">
  <testcase classname="com.crm.malifice.campaignTest.CreateCampaignWithProductTest" name="createCampaignwithProduct" time="35.085"/>
  <system-out/>
</testsuite> <!-- com.crm.malifice.campaignTest.CreateCampaignWithProductTest -->
